<?xml version="1.0" encoding="UTF-8"?>
<testsuite name="com.reimbes.TransactionRepositoryTest" time="0.185" tests="1" errors="1" skipped="0" failures="0">
  <properties>
    <property name="idea.version" value="2018.3.5"/>
    <property name="java.runtime.name" value="Java(TM) SE Runtime Environment"/>
    <property name="sun.boot.library.path" value="C:\Program Files\Java\jdk1.8.0_201\jre\bin"/>
    <property name="java.vm.version" value="25.201-b09"/>
    <property name="java.vm.vendor" value="Oracle Corporation"/>
    <property name="maven.multiModuleProjectDirectory" value="C:\Users\Z\Documents\future\reimbes"/>
    <property name="java.vendor.url" value="http://java.oracle.com/"/>
    <property name="path.separator" value=";"/>
    <property name="guice.disable.misplaced.annotation.check" value="true"/>
    <property name="java.vm.name" value="Java HotSpot(TM) 64-Bit Server VM"/>
    <property name="file.encoding.pkg" value="sun.io"/>
    <property name="user.script" value=""/>
    <property name="user.country" value="ID"/>
    <property name="sun.java.launcher" value="SUN_STANDARD"/>
    <property name="sun.os.patch.level" value=""/>
    <property name="java.vm.specification.name" value="Java Virtual Machine Specification"/>
    <property name="user.dir" value="C:\Users\Z\Documents\future\reimbes"/>
    <property name="java.runtime.version" value="1.8.0_201-b09"/>
    <property name="java.awt.graphicsenv" value="sun.awt.Win32GraphicsEnvironment"/>
    <property name="java.endorsed.dirs" value="C:\Program Files\Java\jdk1.8.0_201\jre\lib\endorsed"/>
    <property name="os.arch" value="amd64"/>
    <property name="java.io.tmpdir" value="C:\Users\Z\AppData\Local\Temp\"/>
    <property name="line.separator" value="&#10;"/>
    <property name="java.vm.specification.vendor" value="Oracle Corporation"/>
    <property name="user.variant" value=""/>
    <property name="os.name" value="Windows 10"/>
    <property name="classworlds.conf" value="C:\Program Files\JetBrains\IntelliJ IDEA Community Edition 2018.3.5\plugins\maven\lib\maven3\bin\m2.conf"/>
    <property name="sun.jnu.encoding" value="Cp1252"/>
    <property name="java.library.path" value="C:\Program Files\Java\jdk1.8.0_201\bin;C:\Windows\Sun\Java\bin;C:\Windows\system32;C:\Windows;C:\Gradle\gradle-5.4.1\bin;C:\Windows\system32;C:\Windows;C:\Windows\System32\Wbem;C:\Windows\System32\WindowsPowerShell\v1.0\;C:\Windows\System32\OpenSSH\;C:\Program Files\Git\cmd;C:\Program Files\Git\mingw64\bin;C:\Program Files\Git\usr\bin;C:\Program Files\Microsoft VS Code\bin;C:\Program Files\Java\jdk1.8.0_201\bin;C:\Program Files\nodejs\;C:\Program Files\MicroStrategy\Desktop\DataServices\180_192\64-bit\bin\server;C:\Program Files\apache-maven-3.6.0\bin;C:\Program Files\Java\jdk1.8.0_201\jre\bin;C:\Users\Z\Anaconda3\Library\bin\graphviz;C:\Program Files\PuTTY\;C:\HashiCorp\Vagrant\bin;C:\Program Files\PostgreSQL\pgsql\bin;C:\Users\Z\Anaconda3;C:\Users\Z\Anaconda3\Library\mingw-w64\bin;C:\Users\Z\Anaconda3\Library\usr\bin;C:\Users\Z\Anaconda3\Library\bin;C:\Users\Z\Anaconda3\Scripts;C:\Users\Z\AppData\Local\Microsoft\WindowsApps;C:\Users\Z\AppData\Roaming\npm;."/>
    <property name="java.specification.name" value="Java Platform API Specification"/>
    <property name="java.class.version" value="52.0"/>
    <property name="sun.management.compiler" value="HotSpot 64-Bit Tiered Compilers"/>
    <property name="os.version" value="10.0"/>
    <property name="user.home" value="C:\Users\Z"/>
    <property name="user.timezone" value="Asia/Bangkok"/>
    <property name="java.awt.printerjob" value="sun.awt.windows.WPrinterJob"/>
    <property name="java.specification.version" value="1.8"/>
    <property name="file.encoding" value="UTF-8"/>
    <property name="user.name" value="Z"/>
    <property name="java.class.path" value="C:\Program Files\JetBrains\IntelliJ IDEA Community Edition 2018.3.5\plugins\maven\lib\maven3\boot\plexus-classworlds-2.5.2.jar;C:\Program Files\JetBrains\IntelliJ IDEA Community Edition 2018.3.5\lib\idea_rt.jar"/>
    <property name="java.vm.specification.version" value="1.8"/>
    <property name="sun.arch.data.model" value="64"/>
    <property name="java.home" value="C:\Program Files\Java\jdk1.8.0_201\jre"/>
    <property name="sun.java.command" value="org.codehaus.classworlds.Launcher -Didea.version=2018.3.5 install"/>
    <property name="java.specification.vendor" value="Oracle Corporation"/>
    <property name="user.language" value="en"/>
    <property name="awt.toolkit" value="sun.awt.windows.WToolkit"/>
    <property name="java.vm.info" value="mixed mode"/>
    <property name="java.version" value="1.8.0_201"/>
    <property name="java.ext.dirs" value="C:\Program Files\Java\jdk1.8.0_201\jre\lib\ext;C:\Windows\Sun\Java\lib\ext"/>
    <property name="sun.boot.class.path" value="C:\Program Files\Java\jdk1.8.0_201\jre\lib\resources.jar;C:\Program Files\Java\jdk1.8.0_201\jre\lib\rt.jar;C:\Program Files\Java\jdk1.8.0_201\jre\lib\sunrsasign.jar;C:\Program Files\Java\jdk1.8.0_201\jre\lib\jsse.jar;C:\Program Files\Java\jdk1.8.0_201\jre\lib\jce.jar;C:\Program Files\Java\jdk1.8.0_201\jre\lib\charsets.jar;C:\Program Files\Java\jdk1.8.0_201\jre\lib\jfr.jar;C:\Program Files\Java\jdk1.8.0_201\jre\classes"/>
    <property name="java.vendor" value="Oracle Corporation"/>
    <property name="maven.home" value="C:\Program Files\JetBrains\IntelliJ IDEA Community Edition 2018.3.5\plugins\maven\lib\maven3"/>
    <property name="file.separator" value="\"/>
    <property name="java.vendor.url.bug" value="http://bugreport.sun.com/bugreport/"/>
    <property name="sun.cpu.endian" value="little"/>
    <property name="sun.io.unicode.encoding" value="UnicodeLittle"/>
    <property name="sun.desktop" value="windows"/>
    <property name="sun.cpu.isalist" value="amd64"/>
  </properties>
  <testcase name="checkTransactionExistanceByImage" classname="com.reimbes.TransactionRepositoryTest" time="0.185">
    <error message="could not prepare statement; SQL [insert into fuels (amount, category, created_at, date, image, reims_user, title, liters, type, transaction_id) values (?, ?, ?, ?, ?, ?, ?, ?, ?, ?)]; nested exception is org.hibernate.exception.SQLGrammarException: could not prepare statement" type="org.springframework.dao.InvalidDataAccessResourceUsageException"><![CDATA[org.springframework.dao.InvalidDataAccessResourceUsageException: could not prepare statement; SQL [insert into fuels (amount, category, created_at, date, image, reims_user, title, liters, type, transaction_id) values (?, ?, ?, ?, ?, ?, ?, ?, ?, ?)]; nested exception is org.hibernate.exception.SQLGrammarException: could not prepare statement
	at org.h2.message.DbException.getJdbcSQLException(DbException.java:345)
	at org.h2.message.DbException.get(DbException.java:179)
	at org.h2.message.DbException.get(DbException.java:155)
	at org.h2.command.Parser.readTableOrView(Parser.java:5389)
	at org.h2.command.Parser.readTableOrView(Parser.java:5366)
	at org.h2.command.Parser.parseInsert(Parser.java:1053)
	at org.h2.command.Parser.parsePrepared(Parser.java:413)
	at org.h2.command.Parser.parse(Parser.java:317)
	at org.h2.command.Parser.parse(Parser.java:289)
	at org.h2.command.Parser.prepareCommand(Parser.java:254)
	at org.h2.engine.Session.prepareLocal(Session.java:561)
	at org.h2.engine.Session.prepareCommand(Session.java:502)
	at org.h2.jdbc.JdbcConnection.prepareCommand(JdbcConnection.java:1203)
	at org.h2.jdbc.JdbcPreparedStatement.<init>(JdbcPreparedStatement.java:73)
	at org.h2.jdbc.JdbcConnection.prepareStatement(JdbcConnection.java:287)
	at org.hibernate.engine.jdbc.internal.StatementPreparerImpl$1.doPrepare(StatementPreparerImpl.java:87)
	at org.hibernate.engine.jdbc.internal.StatementPreparerImpl$StatementPreparationTemplate.prepareStatement(StatementPreparerImpl.java:172)
	at org.hibernate.engine.jdbc.internal.StatementPreparerImpl.prepareStatement(StatementPreparerImpl.java:78)
	at org.hibernate.engine.jdbc.batch.internal.AbstractBatchImpl.buildBatchStatement(AbstractBatchImpl.java:136)
	at org.hibernate.engine.jdbc.batch.internal.AbstractBatchImpl.getBatchStatement(AbstractBatchImpl.java:125)
	at org.hibernate.persister.entity.AbstractEntityPersister.insert(AbstractEntityPersister.java:2930)
	at org.hibernate.persister.entity.AbstractEntityPersister.insert(AbstractEntityPersister.java:3449)
	at org.hibernate.action.internal.EntityInsertAction.execute(EntityInsertAction.java:89)
	at org.hibernate.engine.spi.ActionQueue.executeActions(ActionQueue.java:582)
	at org.hibernate.engine.spi.ActionQueue.executeActions(ActionQueue.java:456)
	at org.hibernate.event.internal.AbstractFlushingEventListener.performExecutions(AbstractFlushingEventListener.java:337)
	at org.hibernate.event.internal.DefaultAutoFlushEventListener.onAutoFlush(DefaultAutoFlushEventListener.java:50)
	at org.hibernate.internal.SessionImpl.autoFlushIfRequired(SessionImpl.java:1251)
	at org.hibernate.internal.SessionImpl.list(SessionImpl.java:1319)
	at org.hibernate.internal.QueryImpl.list(QueryImpl.java:87)
	at org.hibernate.jpa.internal.QueryImpl.list(QueryImpl.java:606)
	at org.hibernate.jpa.internal.QueryImpl.getResultList(QueryImpl.java:483)
	at org.hibernate.jpa.criteria.compile.CriteriaQueryTypeQueryAdapter.getResultList(CriteriaQueryTypeQueryAdapter.java:50)
	at org.springframework.data.jpa.repository.query.JpaQueryExecution$ExistsExecution.doExecute(JpaQueryExecution.java:291)
	at org.springframework.data.jpa.repository.query.JpaQueryExecution.execute(JpaQueryExecution.java:85)
	at org.springframework.data.jpa.repository.query.AbstractJpaQuery.doExecute(AbstractJpaQuery.java:116)
	at org.springframework.data.jpa.repository.query.AbstractJpaQuery.execute(AbstractJpaQuery.java:106)
	at org.springframework.data.repository.core.support.RepositoryFactorySupport$QueryExecutorMethodInterceptor.doInvoke(RepositoryFactorySupport.java:483)
	at org.springframework.data.repository.core.support.RepositoryFactorySupport$QueryExecutorMethodInterceptor.invoke(RepositoryFactorySupport.java:461)
	at org.springframework.aop.framework.ReflectiveMethodInvocation.proceed(ReflectiveMethodInvocation.java:179)
	at org.springframework.data.projection.DefaultMethodInvokingMethodInterceptor.invoke(DefaultMethodInvokingMethodInterceptor.java:61)
	at org.springframework.aop.framework.ReflectiveMethodInvocation.proceed(ReflectiveMethodInvocation.java:179)
	at org.springframework.transaction.interceptor.TransactionInterceptor$1.proceedWithInvocation(TransactionInterceptor.java:99)
	at org.springframework.transaction.interceptor.TransactionAspectSupport.invokeWithinTransaction(TransactionAspectSupport.java:282)
	at org.springframework.transaction.interceptor.TransactionInterceptor.invoke(TransactionInterceptor.java:96)
	at org.springframework.aop.framework.ReflectiveMethodInvocation.proceed(ReflectiveMethodInvocation.java:179)
	at org.springframework.dao.support.PersistenceExceptionTranslationInterceptor.invoke(PersistenceExceptionTranslationInterceptor.java:136)
	at org.springframework.aop.framework.ReflectiveMethodInvocation.proceed(ReflectiveMethodInvocation.java:179)
	at org.springframework.data.jpa.repository.support.CrudMethodMetadataPostProcessor$CrudMethodMetadataPopulatingMethodInterceptor.invoke(CrudMethodMetadataPostProcessor.java:133)
	at org.springframework.aop.framework.ReflectiveMethodInvocation.proceed(ReflectiveMethodInvocation.java:179)
	at org.springframework.aop.interceptor.ExposeInvocationInterceptor.invoke(ExposeInvocationInterceptor.java:92)
	at org.springframework.aop.framework.ReflectiveMethodInvocation.proceed(ReflectiveMethodInvocation.java:179)
	at org.springframework.data.repository.core.support.SurroundingTransactionDetectorMethodInterceptor.invoke(SurroundingTransactionDetectorMethodInterceptor.java:57)
	at org.springframework.aop.framework.ReflectiveMethodInvocation.proceed(ReflectiveMethodInvocation.java:179)
	at org.springframework.aop.framework.JdkDynamicAopProxy.invoke(JdkDynamicAopProxy.java:213)
	at com.sun.proxy.$Proxy102.existsByImage(Unknown Source)
	at com.reimbes.TransactionRepositoryTest.checkTransactionExistanceByImage(TransactionRepositoryTest.java:71)
]]></error>
    <system-out><![CDATA[2019-08-17 08:50:58.901  INFO [-,,,] 1772 --- [           main] .b.t.c.SpringBootTestContextBootstrapper : Neither @ContextConfiguration nor @ContextHierarchy found for test class [com.reimbes.TransactionRepositoryTest], using SpringBootContextLoader
2019-08-17 08:50:58.901  INFO [-,,,] 1772 --- [           main] o.s.t.c.support.AbstractContextLoader    : Could not detect default resource locations for test class [com.reimbes.TransactionRepositoryTest]: no resource found for suffixes {-context.xml, Context.groovy}.
2019-08-17 08:50:58.917  INFO [-,,,] 1772 --- [           main] .b.t.c.SpringBootTestContextBootstrapper : Loaded default TestExecutionListener class names from location [META-INF/spring.factories]: [org.springframework.boot.test.mock.mockito.MockitoTestExecutionListener, org.springframework.boot.test.mock.mockito.ResetMocksTestExecutionListener, org.springframework.boot.test.autoconfigure.restdocs.RestDocsTestExecutionListener, org.springframework.boot.test.autoconfigure.web.client.MockRestServiceServerResetTestExecutionListener, org.springframework.boot.test.autoconfigure.web.servlet.MockMvcPrintOnlyOnFailureTestExecutionListener, org.springframework.boot.test.autoconfigure.web.servlet.WebDriverTestExecutionListener, org.springframework.test.context.web.ServletTestExecutionListener, org.springframework.test.context.support.DirtiesContextBeforeModesTestExecutionListener, org.springframework.test.context.support.DependencyInjectionTestExecutionListener, org.springframework.test.context.support.DirtiesContextTestExecutionListener, org.springframework.test.context.transaction.TransactionalTestExecutionListener, org.springframework.test.context.jdbc.SqlScriptsTestExecutionListener]
2019-08-17 08:50:58.917  INFO [-,,,] 1772 --- [           main] .b.t.c.SpringBootTestContextBootstrapper : Using TestExecutionListeners: [org.springframework.test.context.web.ServletTestExecutionListener@7acfe67f, org.springframework.test.context.support.DirtiesContextBeforeModesTestExecutionListener@47a1bf14, org.springframework.boot.test.autoconfigure.SpringBootDependencyInjectionTestExecutionListener@54874e6, org.springframework.test.context.support.DirtiesContextTestExecutionListener@43ed38bf, org.springframework.test.context.transaction.TransactionalTestExecutionListener@4694d2a3, org.springframework.test.context.jdbc.SqlScriptsTestExecutionListener@c878c7a, org.springframework.boot.test.mock.mockito.ResetMocksTestExecutionListener@4aae3648, org.springframework.boot.test.autoconfigure.restdocs.RestDocsTestExecutionListener@60acd762, org.springframework.boot.test.autoconfigure.web.client.MockRestServiceServerResetTestExecutionListener@cd101e, org.springframework.boot.test.autoconfigure.web.servlet.MockMvcPrintOnlyOnFailureTestExecutionListener@3099a821, org.springframework.boot.test.autoconfigure.web.servlet.WebDriverTestExecutionListener@bbed40c, org.springframework.boot.test.mock.mockito.MockitoTestExecutionListener@daf15de]
2019-08-17 08:51:00.259  INFO [bootstrap,,,] 1772 --- [           main] s.c.a.AnnotationConfigApplicationContext : Refreshing org.springframework.context.annotation.AnnotationConfigApplicationContext@226c9be7: startup date [Sat Aug 17 08:51:00 ICT 2019]; root of context hierarchy
2019-08-17 08:51:00.302  INFO [bootstrap,,,] 1772 --- [           main] trationDelegate$BeanPostProcessorChecker : Bean 'configurationPropertiesRebinderAutoConfiguration' of type [org.springframework.cloud.autoconfigure.ConfigurationPropertiesRebinderAutoConfiguration$$EnhancerBySpringCGLIB$$a139d9e7] is not eligible for getting processed by all BeanPostProcessors (for example: not eligible for auto-proxying)

  .   ____          _            __ _ _
 /\\ / ___'_ __ _ _(_)_ __  __ _ \ \ \ \
( ( )\___ | '_ | '_| | '_ \/ _` | \ \ \ \
 \\/  ___)| |_)| | | | | || (_| |  ) ) ) )
  '  |____| .__|_| |_|_| |_\__, | / / / /
 =========|_|==============|___/=/_/_/_/
 :: Spring Boot ::        (v1.5.2.RELEASE)

2019-08-17 08:51:01.656  INFO [-,,,] 1772 --- [           main] com.reimbes.TransactionRepositoryTest    : No active profile set, falling back to default profiles: default
2019-08-17 08:51:01.657  INFO [-,,,] 1772 --- [           main] o.s.w.c.s.GenericWebApplicationContext   : Refreshing org.springframework.web.context.support.GenericWebApplicationContext@644b085b: startup date [Sat Aug 17 08:51:01 ICT 2019]; parent: org.springframework.context.annotation.AnnotationConfigApplicationContext@226c9be7
2019-08-17 08:51:01.769  INFO [-,,,] 1772 --- [           main] o.s.b.f.s.DefaultListableBeanFactory     : Overriding bean definition for bean 'transactionRepository' with a different definition: replacing [Generic bean: class [com.reimbes.TransactionRepository]; scope=singleton; abstract=false; lazyInit=false; autowireMode=0; dependencyCheck=0; autowireCandidate=true; primary=false; factoryBeanName=null; factoryMethodName=null; initMethodName=null; destroyMethodName=null] with [Root bean: class [org.springframework.data.jpa.repository.support.JpaRepositoryFactoryBean]; scope=; abstract=false; lazyInit=false; autowireMode=0; dependencyCheck=0; autowireCandidate=true; primary=false; factoryBeanName=null; factoryMethodName=null; initMethodName=null; destroyMethodName=null]
2019-08-17 08:51:01.775  INFO [-,,,] 1772 --- [           main] beddedDataSourceBeanFactoryPostProcessor : Replacing 'dataSource' DataSource bean with embedded version
2019-08-17 08:51:01.776  INFO [-,,,] 1772 --- [           main] o.s.b.f.s.DefaultListableBeanFactory     : Overriding bean definition for bean 'dataSource' with a different definition: replacing [Root bean: class [null]; scope=; abstract=false; lazyInit=false; autowireMode=3; dependencyCheck=0; autowireCandidate=true; primary=false; factoryBeanName=org.springframework.boot.autoconfigure.jdbc.DataSourceConfiguration$Tomcat; factoryMethodName=dataSource; initMethodName=null; destroyMethodName=(inferred); defined in class path resource [org/springframework/boot/autoconfigure/jdbc/DataSourceConfiguration$Tomcat.class]] with [Root bean: class [org.springframework.boot.test.autoconfigure.jdbc.TestDatabaseAutoConfiguration$EmbeddedDataSourceFactoryBean]; scope=; abstract=false; lazyInit=false; autowireMode=0; dependencyCheck=0; autowireCandidate=true; primary=false; factoryBeanName=null; factoryMethodName=null; initMethodName=null; destroyMethodName=null]
2019-08-17 08:51:01.776  WARN [-,,,] 1772 --- [           main] o.s.c.a.ConfigurationClassPostProcessor  : Cannot enhance @Configuration bean definition 'embeddedDataSourceBeanFactoryPostProcessor' since its singleton instance has been created too early. The typical cause is a non-static @Bean method with a BeanDefinitionRegistryPostProcessor return type: Consider declaring such methods as 'static'.
2019-08-17 08:51:01.813  INFO [-,,,] 1772 --- [           main] o.s.j.d.e.EmbeddedDatabaseFactory        : Starting embedded database: url='jdbc:h2:mem:a0cf04f1-76cb-47ca-8a58-a049ae28e1a2;DB_CLOSE_DELAY=-1;DB_CLOSE_ON_EXIT=false', username='sa'
2019-08-17 08:51:01.911  INFO [-,,,] 1772 --- [           main] j.LocalContainerEntityManagerFactoryBean : Building JPA container EntityManagerFactory for persistence unit 'default'
2019-08-17 08:51:01.911  INFO [-,,,] 1772 --- [           main] o.hibernate.jpa.internal.util.LogHelper  : HHH000204: Processing PersistenceUnitInfo [
	name: default
	...]
2019-08-17 08:51:01.918  INFO [-,,,] 1772 --- [           main] org.hibernate.dialect.Dialect            : HHH000400: Using dialect: org.hibernate.dialect.H2Dialect
2019-08-17 08:51:01.979  INFO [-,,,] 1772 --- [           main] org.hibernate.tool.hbm2ddl.SchemaExport  : HHH000227: Running hbm2ddl schema export
Hibernate: drop table active_tokens if exists
Hibernate: drop table fuels if exists
Hibernate: drop table hibernate_sequences if exists
Hibernate: drop table parkings if exists
Hibernate: drop table reims_users if exists
Hibernate: create table active_tokens (id bigint generated by default as identity, expired_time bigint not null, token varchar(255), primary key (id))
Hibernate: create table fuels (transaction_id bigint not null, amount bigint not null, category integer, created_at bigint not null, date bigint not null, image varchar(255), title varchar(255), reims_user serial not null, liters float not null, type integer, primary key (transaction_id))
2019-08-17 08:51:01.981 ERROR [-,,,] 1772 --- [           main] org.hibernate.tool.hbm2ddl.SchemaExport  : HHH000389: Unsuccessful: create table fuels (transaction_id bigint not null, amount bigint not null, category integer, created_at bigint not null, date bigint not null, image varchar(255), title varchar(255), reims_user serial not null, liters float not null, type integer, primary key (transaction_id))
2019-08-17 08:51:01.981 ERROR [-,,,] 1772 --- [           main] org.hibernate.tool.hbm2ddl.SchemaExport  : Attempt to define a second primary key; SQL statement:
create table fuels (transaction_id bigint not null, amount bigint not null, category integer, created_at bigint not null, date bigint not null, image varchar(255), title varchar(255), reims_user serial not null, liters float not null, type integer, primary key (transaction_id)) [90017-193]
Hibernate: create table hibernate_sequences (sequence_name varchar(255) not null, sequence_next_hi_value bigint, primary key (sequence_name))
Hibernate: create table parkings (transaction_id bigint not null, amount bigint not null, category integer, created_at bigint not null, date bigint not null, image varchar(255), title varchar(255), reims_user serial not null, hours integer not null, license varchar(255), location varchar(255), type integer, primary key (transaction_id))
2019-08-17 08:51:01.982 ERROR [-,,,] 1772 --- [           main] org.hibernate.tool.hbm2ddl.SchemaExport  : HHH000389: Unsuccessful: create table parkings (transaction_id bigint not null, amount bigint not null, category integer, created_at bigint not null, date bigint not null, image varchar(255), title varchar(255), reims_user serial not null, hours integer not null, license varchar(255), location varchar(255), type integer, primary key (transaction_id))
2019-08-17 08:51:01.982 ERROR [-,,,] 1772 --- [           main] org.hibernate.tool.hbm2ddl.SchemaExport  : Attempt to define a second primary key; SQL statement:
create table parkings (transaction_id bigint not null, amount bigint not null, category integer, created_at bigint not null, date bigint not null, image varchar(255), title varchar(255), reims_user serial not null, hours integer not null, license varchar(255), location varchar(255), type integer, primary key (transaction_id)) [90017-193]
Hibernate: create table reims_users (id serial generated by default as identity, created_at bigint not null, password varchar(255) not null, role integer not null, updated_at bigint, username varchar(255) not null, primary key (id))
Hibernate: alter table fuels add constraint FK_tiw5bq774xpvfmw9gowqby77g foreign key (reims_user) references reims_users
2019-08-17 08:51:01.983 ERROR [-,,,] 1772 --- [           main] org.hibernate.tool.hbm2ddl.SchemaExport  : HHH000389: Unsuccessful: alter table fuels add constraint FK_tiw5bq774xpvfmw9gowqby77g foreign key (reims_user) references reims_users
2019-08-17 08:51:01.983 ERROR [-,,,] 1772 --- [           main] org.hibernate.tool.hbm2ddl.SchemaExport  : Table "FUELS" not found; SQL statement:
alter table fuels add constraint FK_tiw5bq774xpvfmw9gowqby77g foreign key (reims_user) references reims_users [42102-193]
Hibernate: alter table parkings add constraint FK_r4qxp7m53kuc1kh57g3nprux4 foreign key (reims_user) references reims_users
2019-08-17 08:51:01.984 ERROR [-,,,] 1772 --- [           main] org.hibernate.tool.hbm2ddl.SchemaExport  : HHH000389: Unsuccessful: alter table parkings add constraint FK_r4qxp7m53kuc1kh57g3nprux4 foreign key (reims_user) references reims_users
2019-08-17 08:51:01.984 ERROR [-,,,] 1772 --- [           main] org.hibernate.tool.hbm2ddl.SchemaExport  : Table "PARKINGS" not found; SQL statement:
alter table parkings add constraint FK_r4qxp7m53kuc1kh57g3nprux4 foreign key (reims_user) references reims_users [42102-193]
2019-08-17 08:51:01.984  INFO [-,,,] 1772 --- [           main] org.hibernate.tool.hbm2ddl.SchemaExport  : HHH000230: Schema export complete
2019-08-17 08:51:01.986  WARN [-,,,] 1772 --- [           main] o.h.j.i.EntityManagerFactoryRegistry     : HHH000436: Entity manager factory name (default) is already registered.  If entity manager will be clustered or passivated, specify a unique value for property 'hibernate.ejb.entitymanager_factory_name'
2019-08-17 08:51:01.986  INFO [-,,,] 1772 --- [           main] j.LocalContainerEntityManagerFactoryBean : Initialized JPA EntityManagerFactory for persistence unit 'default'
2019-08-17 08:51:02.226  INFO [-,,,] 1772 --- [           main] com.reimbes.TransactionRepositoryTest    : Started TransactionRepositoryTest in 3.293 seconds (JVM running for 18.032)
2019-08-17 08:51:03.587  INFO [-,,,] 1772 --- [           main] o.s.t.c.transaction.TransactionContext   : Began transaction (1) for test context [DefaultTestContext@6a935192 testClass = TransactionRepositoryTest, testInstance = com.reimbes.TransactionRepositoryTest@25ad8d63, testMethod = checkTransactionExistanceByImage@TransactionRepositoryTest, testException = [null], mergedContextConfiguration = [WebMergedContextConfiguration@3606b73b testClass = TransactionRepositoryTest, locations = '{}', classes = '{interface com.reimbes.TransactionRepository, interface com.reimbes.TransactionRepository}', contextInitializerClasses = '[]', activeProfiles = '{}', propertySourceLocations = '{}', propertySourceProperties = '{org.springframework.boot.test.context.SpringBootTestContextBootstrapper=true}', contextCustomizers = set[[ImportsContextCustomizer@6e2ed439 key = [org.springframework.boot.autoconfigure.cache.CacheAutoConfiguration, org.springframework.boot.autoconfigure.data.jpa.JpaRepositoriesAutoConfiguration, org.springframework.boot.autoconfigure.flyway.FlywayAutoConfiguration, org.springframework.boot.autoconfigure.jdbc.DataSourceAutoConfiguration, org.springframework.boot.autoconfigure.jdbc.DataSourceTransactionManagerAutoConfiguration, org.springframework.boot.autoconfigure.jdbc.JdbcTemplateAutoConfiguration, org.springframework.boot.autoconfigure.liquibase.LiquibaseAutoConfiguration, org.springframework.boot.autoconfigure.orm.jpa.HibernateJpaAutoConfiguration, org.springframework.boot.autoconfigure.transaction.TransactionAutoConfiguration, org.springframework.boot.test.autoconfigure.jdbc.TestDatabaseAutoConfiguration, org.springframework.boot.test.autoconfigure.orm.jpa.TestEntityManagerAutoConfiguration, Package Import com.reimbes]], org.springframework.boot.test.context.SpringBootTestContextCustomizer@7c2327fa, org.springframework.boot.test.context.filter.ExcludeFilterContextCustomizer@3605c4d3, org.springframework.boot.test.mock.mockito.MockitoContextCustomizer@0, org.springframework.boot.test.autoconfigure.OverrideAutoConfigurationContextCustomizerFactory$DisableAutoConfigurationContextCustomizer@458544e0, org.springframework.boot.test.autoconfigure.filter.TypeExcludeFiltersContextCustomizer@351584c0, org.springframework.boot.test.autoconfigure.properties.PropertyMappingContextCustomizer@2d0ea260, org.springframework.boot.test.autoconfigure.web.servlet.WebDriverContextCustomizerFactory$Customizer@5bfc257], resourceBasePath = 'src/main/webapp', contextLoader = 'org.springframework.boot.test.context.SpringBootContextLoader', parent = [null]]]; transaction manager [org.springframework.orm.jpa.JpaTransactionManager@12b67609]; rollback [true]
2019-08-17 08:51:03.592  WARN [-,,,] 1772 --- [           main] org.hibernate.orm.deprecation            : HHH90000015: Found use of deprecated [org.hibernate.id.MultipleHiLoPerTableGenerator] table-based id generator; use org.hibernate.id.enhanced.TableGenerator instead.  See Hibernate Domain Model Mapping Guide for details.
Hibernate: select sequence_next_hi_value from hibernate_sequences where sequence_name = 'transaction' for update
Hibernate: insert into hibernate_sequences(sequence_name, sequence_next_hi_value) values('transaction', ?)
Hibernate: update hibernate_sequences set sequence_next_hi_value = ? where sequence_next_hi_value = ? and sequence_name = 'transaction'
2019-08-17 08:51:03.694  WARN [-,,,] 1772 --- [           main] org.hibernate.orm.deprecation            : HHH90000015: Found use of deprecated [org.hibernate.id.MultipleHiLoPerTableGenerator] table-based id generator; use org.hibernate.id.enhanced.TableGenerator instead.  See Hibernate Domain Model Mapping Guide for details.
2019-08-17 08:51:03.695  INFO [-,,,] 1772 --- [           main] o.h.h.i.QueryTranslatorFactoryInitiator  : HHH000397: Using ASTQueryTranslatorFactory
Hibernate: insert into fuels (amount, category, created_at, date, image, reims_user, title, liters, type, transaction_id) values (?, ?, ?, ?, ?, ?, ?, ?, ?, ?)
2019-08-17 08:51:03.701  WARN [-,,,] 1772 --- [           main] o.h.engine.jdbc.spi.SqlExceptionHelper   : SQL Error: 42102, SQLState: 42S02
2019-08-17 08:51:03.701 ERROR [-,,,] 1772 --- [           main] o.h.engine.jdbc.spi.SqlExceptionHelper   : Table "FUELS" not found; SQL statement:
insert into fuels (amount, category, created_at, date, image, reims_user, title, liters, type, transaction_id) values (?, ?, ?, ?, ?, ?, ?, ?, ?, ?) [42102-193]
2019-08-17 08:51:03.722  INFO [-,,,] 1772 --- [           main] o.s.t.c.transaction.TransactionContext   : Rolled back transaction for test context [DefaultTestContext@6a935192 testClass = TransactionRepositoryTest, testInstance = com.reimbes.TransactionRepositoryTest@25ad8d63, testMethod = checkTransactionExistanceByImage@TransactionRepositoryTest, testException = org.springframework.dao.InvalidDataAccessResourceUsageException: could not prepare statement; SQL [insert into fuels (amount, category, created_at, date, image, reims_user, title, liters, type, transaction_id) values (?, ?, ?, ?, ?, ?, ?, ?, ?, ?)]; nested exception is org.hibernate.exception.SQLGrammarException: could not prepare statement, mergedContextConfiguration = [WebMergedContextConfiguration@3606b73b testClass = TransactionRepositoryTest, locations = '{}', classes = '{interface com.reimbes.TransactionRepository, interface com.reimbes.TransactionRepository}', contextInitializerClasses = '[]', activeProfiles = '{}', propertySourceLocations = '{}', propertySourceProperties = '{org.springframework.boot.test.context.SpringBootTestContextBootstrapper=true}', contextCustomizers = set[[ImportsContextCustomizer@6e2ed439 key = [org.springframework.boot.autoconfigure.cache.CacheAutoConfiguration, org.springframework.boot.autoconfigure.data.jpa.JpaRepositoriesAutoConfiguration, org.springframework.boot.autoconfigure.flyway.FlywayAutoConfiguration, org.springframework.boot.autoconfigure.jdbc.DataSourceAutoConfiguration, org.springframework.boot.autoconfigure.jdbc.DataSourceTransactionManagerAutoConfiguration, org.springframework.boot.autoconfigure.jdbc.JdbcTemplateAutoConfiguration, org.springframework.boot.autoconfigure.liquibase.LiquibaseAutoConfiguration, org.springframework.boot.autoconfigure.orm.jpa.HibernateJpaAutoConfiguration, org.springframework.boot.autoconfigure.transaction.TransactionAutoConfiguration, org.springframework.boot.test.autoconfigure.jdbc.TestDatabaseAutoConfiguration, org.springframework.boot.test.autoconfigure.orm.jpa.TestEntityManagerAutoConfiguration, Package Import com.reimbes]], org.springframework.boot.test.context.SpringBootTestContextCustomizer@7c2327fa, org.springframework.boot.test.context.filter.ExcludeFilterContextCustomizer@3605c4d3, org.springframework.boot.test.mock.mockito.MockitoContextCustomizer@0, org.springframework.boot.test.autoconfigure.OverrideAutoConfigurationContextCustomizerFactory$DisableAutoConfigurationContextCustomizer@458544e0, org.springframework.boot.test.autoconfigure.filter.TypeExcludeFiltersContextCustomizer@351584c0, org.springframework.boot.test.autoconfigure.properties.PropertyMappingContextCustomizer@2d0ea260, org.springframework.boot.test.autoconfigure.web.servlet.WebDriverContextCustomizerFactory$Customizer@5bfc257], resourceBasePath = 'src/main/webapp', contextLoader = 'org.springframework.boot.test.context.SpringBootContextLoader', parent = [null]]].
]]></system-out>
  </testcase>
</testsuite>